159 2
220 4
60 5
260 6
30 7
50 8
187 9
285 10
302 13
266 21
319 23
138 24
57 26
392 27
29 29
291 31
31 34
254 38
427 39
301 40
21 48
103 52
83 57
195 58
333 59
155 60
69 61
37 63
73 70
178 71
259 74
68 75
364 76
229 78
161 79
292 80
182 81
156 83
253 84
240 85
70 86
261 87
154 88
122 90
360 91
346 92
104 93
115 98
299 99
19 101
356 103
316 105
76 110
290 112
75 113
472 114
11 115
10 118
455 119
268 120
54 122
44 124
118 126
141 130
46 133
59 134
297 137
278 138
262 142
78 143
249 146
13 148
129 149
396 151
368 152
7 153
116 154
308 158
327 159
89 162
267 163
48 164
180 165
12 166
463 170
330 172
274 173
424 175
227 176
230 177
431 178
372 182
426 184
448 187
377 192
374 197
348 198
239 199
338 200
276 203
92 205
8 206
177 208
275 210
151 211
0 212
164 213
459 215
4 216
144 218
303 219
80 220
314 221
286 224
397 225
287 228
250 230
304 231
67 232
208 235
311 238
234 240
98 244
42 249
492 250
289 251
421 252
131 255
157 257
393 258
464 259
365 261
166 262
64 263
55 266
238 268
153 270
494 272
480 273
163 274
189 275
173 277
219 278
493 280
322 281
409 282
133 283
207 285
142 286
26 287
210 288
152 289
483 291
453 294
112 297
186 300
81 301
27 302
447 304
236 305
411 309
475 311
218 312
201 314
43 315
241 317
204 318
279 321
388 322
288 324
366 325
385 326
334 328
170 331
442 333
200 334
326 339
389 340
101 341
231 342
197 343
441 344
378 347
114 348
143 349
429 350
126 351
102 352
51 353
435 354
158 355
53 357
432 359
436 360
179 362
293 363
449 365
405 367
371 369
87 370
300 371
135 374
461 375
399 377
342 378
212 379
181 381
17 383
18 384
454 389
32 390
222 391
109 394
199 395
66 396
277 398
404 400
140 402
94 403
119 405
221 406
86 408
407 409
85 410
462 413
202 417
344 418
401 421
256 422
107 433
123 434
498 435
499 437
36 439
111 440
484 441
284 446
62 447
398 448
16 451
108 452
28 454
91 455
257 457
313 459
443 460
376 461
382 468
315 469
362 470
465 473
341 474
216 475
130 476
251 481
205 482
321 483
349 485
176 486
84 487
124 490
467 491
74 492
82 493
194 495
245 497
171 386
466 89
387 104
24 388
336 358
281 399
440 35
273 155
395 111
38 284
305 46
40 157
52 3
61 412
96 16
270 419
339 279
490 150
147 438
488 180
49 313
225 55
45 442
136 443
456 223
95 316
132 53
90 444
497 426
495 139
255 463
363 335
6 464
445 194
3 209
359 45
5 338
307 36
117 467
386 82
214 471
247 319
325 472
347 236
110 345
434 306
271 478
471 135
439 41
149 376
312 293
306 484
408 397
458 196
345 496
379 217
473 94
203 499
228 44
237 248
476 227
145 123
340 25
105 380
318 193
477 69
224 330
280 276
309 22
373 116
450 28
343 246
491 67
332 449
383 229
486 292
243 414
121 404
469 234
120 327
331 56
417 392
217 393
93 201
406 125
272 50
394 372
410 174
481 368
414 479
167 385
430 204
479 373
183 310
335 185
420 12
425 401
367 411
384 269
418 131
295 254
296 121
391 95
56 424
263 160
357 195
423 245
39 47
380 202
184 233
248 253
294 136
352 488
125 427
233 117
355 190
478 247
71 214
169 42
369 17
128 237
258 181
34 428
351 11
206 458
452 308
460 298
482 295
213 68
437 271
97 415
99 64
283 489
35 477
390 14
193 147
428 77
190 416
402 290
413 430
198 43
403 30
22 429
310 156
160 264
168 299
264 171
361 466
487 109
148 296
451 102
1 366
172 1
174 480
350 66
196 107
354 407
106 97
226 19
242 169
25 239
77 168
412 226
446 445
457 453
328 465
358 423
298 108
353 432
72 364
235 361
324 100
146 188
489 18
65 51
185 0
468 15
400 145
47 65
215 303
265 49
470 356
337 420
192 337
474 106
175 127
252 72
127 260
444 73
100 140
41 462
58 450
191 425
496 167
485 494
2 387
23 346
320 307
134 431
244 161
269 129
79 498
139 37
329 436
165 242
323 207
14 265
246 144
9 132
282 241
415 323
370 243
162 54
33 96
15 33
63 329
416 141
419 128
223 336
150 456
88 191
433 32
113 222
375 332
188 267
211 20
438 186
20 189
232 382
422 62
317 179
137 256
209 183
381 320
498615