1 213
2 367
3 388
4 210
5 217
6 339
7 465
8 154
9 207
10 133
11 119
12 116
13 167
14 149
15 266
16 34
17 452
18 384
19 385
20 102
21 190
22 49
23 430
24 347
25 389
26 240
27 288
28 303
29 455
30 30
31 8
32 35
33 391
34 97
35 429
36 478
37 440
38 64
39 285
40 48
41 158
42 463
43 250
44 316
45 125
46 443
47 134
48 66
49 165
50 314
51 9
52 354
53 4
54 358
55 123
56 267
57 425
58 27
59 451
60 135
61 6
62 413
63 448
64 330
65 264
66 52
67 397
68 233
69 76
70 62
71 87
72 215
73 365
74 71
75 493
76 114
77 111
78 169
79 144
80 499
81 221
82 302
83 494
84 58
85 488
86 411
87 409
88 371
89 192
90 163
91 445
92 456
93 206
94 202
95 404
96 317
97 17
98 416
99 245
100 65
101 141
102 342
103 353
104 53
105 94
106 381
107 98
108 434
109 453
110 395
111 346
112 441
113 298
114 223
115 349
116 99
117 155
118 468
119 127
120 406
121 328
122 405
123 91
124 435
125 491
126 428
127 352
128 261
129 238
130 150
131 477
132 256
133 54
134 284
135 432
136 375
137 444
138 257
139 25
140 38
141 403
142 131
143 287
144 350
145 219
146 124
147 189
148 439
149 297
150 377
151 457
152 212
153 290
154 271
155 89
156 61
157 84
158 258
159 356
160 3
161 265
162 80
163 55
164 275
165 214
166 243
167 263
168 386
169 300
170 43
171 332
172 387
173 2
174 278
175 481
176 128
177 487
178 209
179 72
180 363
181 166
182 382
183 82
184 311
185 234
186 1
187 301
188 10
189 268
190 276
191 417
192 426
193 338
194 148
195 496
196 59
197 108
198 344
199 44
200 396
201 335
202 315
203 418
204 500
205 319
206 483
207 459
208 286
209 236
210 184
211 289
212 21
213 380
214 69
215 472
216 304
217 476
218 394
219 313
220 279
221 5
222 407
223 392
224 337
225 331
226 56
227 20
228 177
229 45
230 79
231 178
232 343
233 383
234 118
235 241
236 362
237 306
238 249
239 269
240 200
241 86
242 318
243 170
244 415
245 162
246 498
247 145
248 320
249 254
250 147
251 231
252 482
253 73
254 85
255 39
256 464
257 423
258 458
259 182
260 75
261 7
262 88
263 143
264 161
265 172
266 50
267 22
268 164
269 121
270 130
271 420
272 479
273 51
274 156
275 174
276 211
277 204
278 399
279 139
280 322
281 277
282 400
283 242
284 490
285 447
286 11
287 225
288 229
289 325
290 252
291 113
292 32
293 81
294 364
295 137
296 255
297 122
298 138
299 109
300 100
301 372
302 41
303 14
304 220
305 232
306 47
307 485
308 37
309 159
310 23
311 157
312 239
313 294
314 460
315 222
316 470
317 106
318 180
319 194
320 24
321 308
322 484
323 282
324 208
325 101
326 473
327 340
328 160
329 466
330 437
331 173
332 57
333 450
334 60
335 329
336 186
337 359
338 421
339 201
340 280
341 26
342 475
343 379
344 247
345 419
346 497
347 93
348 237
349 199
350 486
351 67
352 12
353 489
354 433
355 408
356 191
357 104
358 196
359 424
360 46
361 92
362 467
363 471
364 336
365 77
366 262
367 326
368 412
369 153
370 18
371 244
372 370
373 183
374 117
375 198
376 333
377 462
378 193
379 348
380 218
381 203
382 321
383 469
384 230
385 270
386 327
387 83
388 105
389 323
390 341
391 15
392 96
393 28
394 259
395 373
396 112
397 152
398 226
399 449
400 378
401 146
402 422
403 291
404 31
405 401
406 368
407 126
408 410
409 398
410 283
411 175
412 310
413 227
414 431
415 480
416 324
417 142
418 393
419 132
420 129
421 13
422 253
423 63
424 246
425 176
426 402
427 185
428 40
429 78
430 351
431 205
432 179
433 360
434 33
435 307
436 355
437 361
438 272
439 187
440 42
441 36
442 345
443 334
444 461
445 74
446 195
447 446
448 305
449 188
450 366
451 29
452 103
453 309
454 295
455 390
456 120
457 224
458 454
459 197
460 216
461 299
462 376
463 414
464 171
465 260
466 474
467 90
468 492
469 16
470 235
471 357
472 136
473 115
474 95
475 107
476 312
477 228
478 70
479 248
480 374
481 274
482 369
483 296
484 292
485 442
486 495
487 293
488 110
489 181
490 19
491 151
492 68
493 251
494 281
495 273
496 140
497 168
498 427
499 436
500 438
498615